<?xml version="1.0" encoding="UTF-8"?>
<testng-results ignored="0" total="1" passed="1" failed="0" skipped="0">
  <reporter-output>
  </reporter-output>
  <suite started-at="2022-03-17T17:19:37 IST" name="Default suite" finished-at="2022-03-17T17:19:46 IST" duration-ms="8857">
    <groups>
    </groups>
    <test started-at="2022-03-17T17:19:37 IST" name="Default test" finished-at="2022-03-17T17:19:46 IST" duration-ms="8857">
      <class name="TestScriptDebug.LoginDebug">
        <test-method signature="login()[pri:0, instance:TestScriptDebug.LoginDebug@31e5415e]" started-at="2022-03-17T17:19:37 IST" name="login" finished-at="2022-03-17T17:19:46 IST" duration-ms="8776" status="PASS">
          <reporter-output>
          </reporter-output>
        </test-method> <!-- login -->
      </class> <!-- TestScriptDebug.LoginDebug -->
    </test> <!-- Default test -->
  </suite> <!-- Default suite -->
</testng-results>
