<?xml version="1.0" encoding="UTF-8"?>
<testng-results ignored="1" total="2" passed="1" failed="0" skipped="0">
  <reporter-output>
  </reporter-output>
  <suite started-at="2022-04-04T16:42:54 IST" name="Suite" finished-at="2022-04-04T16:42:54 IST" duration-ms="75">
    <groups>
    </groups>
    <test started-at="2022-04-04T16:42:54 IST" name="Test" finished-at="2022-04-04T16:42:54 IST" duration-ms="75">
      <class name="com.crm.PractiseTest.Demo">
        <test-method signature="test2()[pri:0, instance:com.crm.PractiseTest.Demo@27ff5d15]" started-at="2022-04-04T16:42:54 IST" name="test2" finished-at="2022-04-04T16:42:54 IST" duration-ms="12" status="PASS">
          <reporter-output>
          </reporter-output>
        </test-method> <!-- test2 -->
      </class> <!-- com.crm.PractiseTest.Demo -->
    </test> <!-- Test -->
  </suite> <!-- Suite -->
</testng-results>
